
**** Build of configuration Nios II for project ano_car ****

make all 
      0 [main] sh 8864 find_fast_cwd: WARNING: Couldn't compute FAST_CWD pointer.  Please report this problem to
the public mailing list cygwin@cygwin.com
      0 [main] sh 6784 find_fast_cwd: WARNING: Couldn't compute FAST_CWD pointer.  Please report this problem to
the public mailing list cygwin@cygwin.com
      0 [main] echo 1508 find_fast_cwd: WARNING: Couldn't compute FAST_CWD pointer.  Please report this problem to
the public mailing list cygwin@cygwin.com
Info: Building ../ano_car_bsp/
make --no-print-directory -C ../ano_car_bsp/
      1 [main] pwd 8264 find_fast_cwd: WARNING: Couldn't compute FAST_CWD pointer.  Please report this problem to
the public mailing list cygwin@cygwin.com
      0 [main] sh 5996 find_fast_cwd: WARNING: Couldn't compute FAST_CWD pointer.  Please report this problem to
the public mailing list cygwin@cygwin.com
      0 [main] sh 3052 find_fast_cwd: WARNING: Couldn't compute FAST_CWD pointer.  Please report this problem to
the public mailing list cygwin@cygwin.com
[BSP build complete]
      0 [main] echo 8368 find_fast_cwd: WARNING: Couldn't compute FAST_CWD pointer.  Please report this problem to
Info: Compiling ultrasound.c to obj/default/ultrasound.o
the public mailing list cygwin@cygwin.com
      0 [main] mkdir 1404 find_fast_cwd: WARNING: Couldn't compute FAST_CWD pointer.  Please report this problem to
nios2-elf-gcc -xc -MP -MMD -c -I../ano_car_bsp//HAL/inc -I../ano_car_bsp/ -I../ano_car_bsp//drivers/inc  -DSYSTEM_BUS_WIDTH=32 -pipe -D__hal__ -DALT_NO_INSTRUCTION_EMULATION -DALT_SINGLE_THREADED    -O0 -g -Wall   -EL -mno-hw-div -mno-hw-mul -mno-hw-mulx  -o obj/default/ultrasound.o ultrasound.c
the public mailing list cygwin@cygwin.com
      0 [main] true 1392 find_fast_cwd: WARNING: Couldn't compute FAST_CWD pointer.  Please report this problem to
the public mailing list cygwin@cygwin.com
      0 [main] echo 1420 find_fast_cwd: WARNING: Couldn't compute FAST_CWD pointer.  Please report this problem to
Info: Linking ano_car.elf
the public mailing list cygwin@cygwin.com
nios2-elf-g++  -T'../ano_car_bsp//linker.x' -msys-crt0='../ano_car_bsp//obj/HAL/src/crt0.o' -msys-lib=hal_bsp -L../ano_car_bsp/   -Wl,-Map=ano_car.map   -O0 -g -Wall   -EL -mno-hw-div -mno-hw-mul -mno-hw-mulx  -o ano_car.elf obj/default/main.o obj/default/motor_setting.o obj/default/uart.o obj/default/ultrasound.o -lm 
obj/default/ultrasound.o: In function `ultrasound_init':
G:\code\software\ano_car/ultrasound.c:32: multiple definition of `ultrasound_init'
obj/default/main.o:G:\code\software\ano_car/ultrasound.c:32: first defined here
obj/default/ultrasound.o: In function `ultrasound_read':
G:\code\software\ano_car/ultrasound.c:59: multiple definition of `ultrasound_read'
obj/default/main.o:G:\code\software\ano_car/ultrasound.c:59: first defined here
collect2: ld returned 1 exit status
make: *** [ano_car.elf] Error 1

**** Build Finished ****
